<?xml version="1.0" encoding="UTF-8"?>
<testng-results skipped="0" failed="0" total="1" passed="1">
  <reporter-output>
  </reporter-output>
  <suite name="Surefire suite" duration-ms="53585" started-at="2018-10-24T20:30:21Z" finished-at="2018-10-24T20:31:15Z">
    <groups>
    </groups>
    <test name="Surefire test" duration-ms="53585" started-at="2018-10-24T20:30:21Z" finished-at="2018-10-24T20:31:15Z">
      <class name="Test_cases.FrameTest">
        <test-method status="PASS" signature="beforeSuite()[pri:0, instance:Test_cases.FrameTest@115b42e]" name="beforeSuite" is-config="true" duration-ms="57" started-at="2018-10-24T16:30:21Z" finished-at="2018-10-24T16:30:21Z">
          <reporter-output>
          </reporter-output>
        </test-method> <!-- beforeSuite -->
        <test-method status="PASS" signature="beforeMethod()[pri:0, instance:Test_cases.FrameTest@115b42e]" name="beforeMethod" is-config="true" duration-ms="39519" started-at="2018-10-24T16:30:21Z" finished-at="2018-10-24T16:31:01Z">
          <reporter-output>
          </reporter-output>
        </test-method> <!-- beforeMethod -->
        <test-method status="PASS" signature="alert()[pri:0, instance:Test_cases.FrameTest@115b42e]" name="alert" duration-ms="11738" started-at="2018-10-24T16:31:01Z" finished-at="2018-10-24T16:31:12Z">
          <reporter-output>
          </reporter-output>
        </test-method> <!-- alert -->
        <test-method status="PASS" signature="afterMethod()[pri:0, instance:Test_cases.FrameTest@115b42e]" name="afterMethod" is-config="true" duration-ms="2278" started-at="2018-10-24T16:31:12Z" finished-at="2018-10-24T16:31:15Z">
          <reporter-output>
          </reporter-output>
        </test-method> <!-- afterMethod -->
        <test-method status="PASS" signature="afterSuite()[pri:0, instance:Test_cases.FrameTest@115b42e]" name="afterSuite" is-config="true" duration-ms="0" started-at="2018-10-24T16:31:15Z" finished-at="2018-10-24T16:31:15Z">
          <reporter-output>
          </reporter-output>
        </test-method> <!-- afterSuite -->
      </class> <!-- Test_cases.FrameTest -->
    </test> <!-- Surefire test -->
  </suite> <!-- Surefire suite -->
</testng-results>
